This file contains any messages produced by compilers while
running configure, to aid debugging if configure makes a mistake.

It was created by configure, which was
generated by GNU Autoconf 2.69.  Invocation command line was

  $ ./configure --prefix=/home/cangyingzhijia/workspace/github/builder/blade/../ccache

## --------- ##
## Platform. ##
## --------- ##

hostname = cangyingzhijia
uname -m = i686
uname -r = 3.2.0-23-generic-pae
uname -s = Linux
uname -v = #36-Ubuntu SMP Tue Apr 10 22:19:09 UTC 2012

/usr/bin/uname -p = unknown
/bin/uname -X     = unknown

/bin/arch              = unknown
/usr/bin/arch -k       = unknown
/usr/convex/getsysinfo = unknown
/usr/bin/hostinfo      = unknown
/bin/machine           = unknown
/usr/bin/oslevel       = unknown
/bin/universe          = unknown

PATH: /home/cangyingzhijia/go/bin
PATH: /usr/local/bin/
PATH: /mnt/e/hadoop/hadoop-0.19.2/bin/
PATH: /usr/local/nginx/sbin
PATH: /home/cangyingzhijia/bin
PATH: /usr/lib/lightdm/lightdm
PATH: /usr/local/sbin
PATH: /usr/local/bin
PATH: /usr/sbin
PATH: /usr/bin
PATH: /sbin
PATH: /bin
PATH: /usr/games
PATH: /opt/real/RealPlayer
PATH: /usr/share/jdk1.6.0_01/bin/
PATH: /usr/share/jdk1.6.0_01/bin/


## ----------- ##
## Core tests. ##
## ----------- ##

configure:2221: Configuring ccache
configure:2260: checking build system type
configure:2274: result: i686-pc-linux-gnu
configure:2294: checking host system type
configure:2307: result: i686-pc-linux-gnu
configure:2390: checking for gcc
configure:2406: found /usr/local/bin//gcc
configure:2417: result: gcc
configure:2646: checking for C compiler version
configure:2655: gcc --version >&5
gcc (GCC) 4.9.2
Copyright (C) 2014 Free Software Foundation, Inc.
This is free software; see the source for copying conditions.  There is NO
warranty; not even for MERCHANTABILITY or FITNESS FOR A PARTICULAR PURPOSE.

configure:2666: $? = 0
configure:2655: gcc -v >&5
Using built-in specs.
COLLECT_GCC=gcc
COLLECT_LTO_WRAPPER=/usr/local/libexec/gcc/i686-pc-linux-gnu/4.9.2/lto-wrapper
Target: i686-pc-linux-gnu
Configured with: ./configure
Thread model: posix
gcc version 4.9.2 (GCC) 
configure:2666: $? = 0
configure:2655: gcc -V >&5
gcc: error: unrecognized command line option '-V'
gcc: fatal error: no input files
compilation terminated.
configure:2666: $? = 1
configure:2655: gcc -qversion >&5
gcc: error: unrecognized command line option '-qversion'
gcc: fatal error: no input files
compilation terminated.
configure:2666: $? = 1
configure:2686: checking whether the C compiler works
configure:2708: gcc    conftest.c  >&5
configure:2712: $? = 0
configure:2760: result: yes
configure:2763: checking for C compiler default output file name
configure:2765: result: a.out
configure:2771: checking for suffix of executables
configure:2778: gcc -o conftest    conftest.c  >&5
configure:2782: $? = 0
configure:2804: result: 
configure:2826: checking whether we are cross compiling
configure:2834: gcc -o conftest    conftest.c  >&5
configure:2838: $? = 0
configure:2845: ./conftest
configure:2849: $? = 0
configure:2864: result: no
configure:2869: checking for suffix of object files
configure:2891: gcc -c   conftest.c >&5
configure:2895: $? = 0
configure:2916: result: o
configure:2920: checking whether we are using the GNU C compiler
configure:2939: gcc -c   conftest.c >&5
configure:2939: $? = 0
configure:2948: result: yes
configure:2957: checking whether gcc accepts -g
configure:2977: gcc -c -g  conftest.c >&5
configure:2977: $? = 0
configure:3018: result: yes
configure:3035: checking for gcc option to accept ISO C89
configure:3098: gcc  -c -g -O2  conftest.c >&5
configure:3098: $? = 0
configure:3111: result: none needed
configure:3136: checking how to run the C preprocessor
configure:3167: gcc -E  conftest.c
configure:3167: $? = 0
configure:3181: gcc -E  conftest.c
conftest.c:9:28: fatal error: ac_nonexistent.h: No such file or directory
 #include <ac_nonexistent.h>
                            ^
compilation terminated.
configure:3181: $? = 1
configure: failed program was:
| /* confdefs.h */
| #define PACKAGE_NAME ""
| #define PACKAGE_TARNAME ""
| #define PACKAGE_VERSION ""
| #define PACKAGE_STRING ""
| #define PACKAGE_BUGREPORT ""
| #define PACKAGE_URL ""
| /* end confdefs.h.  */
| #include <ac_nonexistent.h>
configure:3206: result: gcc -E
configure:3226: gcc -E  conftest.c
configure:3226: $? = 0
configure:3240: gcc -E  conftest.c
conftest.c:9:28: fatal error: ac_nonexistent.h: No such file or directory
 #include <ac_nonexistent.h>
                            ^
compilation terminated.
configure:3240: $? = 1
configure: failed program was:
| /* confdefs.h */
| #define PACKAGE_NAME ""
| #define PACKAGE_TARNAME ""
| #define PACKAGE_VERSION ""
| #define PACKAGE_STRING ""
| #define PACKAGE_BUGREPORT ""
| #define PACKAGE_URL ""
| /* end confdefs.h.  */
| #include <ac_nonexistent.h>
configure:3282: checking for a BSD-compatible install
configure:3350: result: /usr/bin/install -c
configure:3404: checking for ranlib
configure:3420: found /usr/bin/ranlib
configure:3431: result: ranlib
configure:3496: checking for ar
configure:3512: found /usr/bin/ar
configure:3523: result: ar
configure:3717: checking for dirent.h that defines DIR
configure:3736: gcc -c -g -O2 -Wall -W  conftest.c >&5
configure:3736: $? = 0
configure:3744: result: yes
configure:3757: checking for library containing opendir
configure:3788: gcc -o conftest -g -O2 -Wall -W   conftest.c  >&5
configure:3788: $? = 0
configure:3805: result: none required
configure:3872: checking whether time.h and sys/time.h may both be included
configure:3892: gcc -c -g -O2 -Wall -W  conftest.c >&5
configure:3892: $? = 0
configure:3899: result: yes
configure:3908: checking for grep that handles long lines and -e
configure:3966: result: /bin/grep
configure:3971: checking for egrep
configure:4033: result: /bin/grep -E
configure:4038: checking for ANSI C header files
configure:4058: gcc -c -g -O2 -Wall -W  conftest.c >&5
configure:4058: $? = 0
configure:4131: gcc -o conftest -g -O2 -Wall -W   conftest.c  >&5
configure:4131: $? = 0
configure:4131: ./conftest
configure:4131: $? = 0
configure:4142: result: yes
configure:4155: checking for sys/types.h
configure:4155: gcc -c -g -O2 -Wall -W  conftest.c >&5
configure:4155: $? = 0
configure:4155: result: yes
configure:4155: checking for sys/stat.h
configure:4155: gcc -c -g -O2 -Wall -W  conftest.c >&5
configure:4155: $? = 0
configure:4155: result: yes
configure:4155: checking for stdlib.h
configure:4155: gcc -c -g -O2 -Wall -W  conftest.c >&5
configure:4155: $? = 0
configure:4155: result: yes
configure:4155: checking for string.h
configure:4155: gcc -c -g -O2 -Wall -W  conftest.c >&5
configure:4155: $? = 0
configure:4155: result: yes
configure:4155: checking for memory.h
configure:4155: gcc -c -g -O2 -Wall -W  conftest.c >&5
configure:4155: $? = 0
configure:4155: result: yes
configure:4155: checking for strings.h
configure:4155: gcc -c -g -O2 -Wall -W  conftest.c >&5
configure:4155: $? = 0
configure:4155: result: yes
configure:4155: checking for inttypes.h
configure:4155: gcc -c -g -O2 -Wall -W  conftest.c >&5
configure:4155: $? = 0
configure:4155: result: yes
configure:4155: checking for stdint.h
configure:4155: gcc -c -g -O2 -Wall -W  conftest.c >&5
configure:4155: $? = 0
configure:4155: result: yes
configure:4155: checking for unistd.h
configure:4155: gcc -c -g -O2 -Wall -W  conftest.c >&5
configure:4155: $? = 0
configure:4155: result: yes
configure:4167: checking for stdbool.h that conforms to C99
configure:4234: gcc -c -g -O2 -Wall -W  conftest.c >&5
conftest.c: In function 'main':
conftest.c:78:14: warning: the address of 's' will always evaluate as 'true' [-Waddress]
              bool e = &s;
              ^
conftest.c:82:22: warning: the address of 'a' will always evaluate as 'true' [-Waddress]
              return (!a + !b + !c + !d + !e + !f + !g + !h + !i + !!j + !k + !!l
                      ^
conftest.c:82:27: warning: the address of 'b' will always evaluate as 'true' [-Waddress]
              return (!a + !b + !c + !d + !e + !f + !g + !h + !i + !!j + !k + !!l
                           ^
conftest.c:82:32: warning: the address of 'c' will always evaluate as 'true' [-Waddress]
              return (!a + !b + !c + !d + !e + !f + !g + !h + !i + !!j + !k + !!l
                                ^
conftest.c:82:37: warning: the address of 'd' will always evaluate as 'true' [-Waddress]
              return (!a + !b + !c + !d + !e + !f + !g + !h + !i + !!j + !k + !!l
                                     ^
conftest.c:82:47: warning: the address of 'f' will always evaluate as 'true' [-Waddress]
              return (!a + !b + !c + !d + !e + !f + !g + !h + !i + !!j + !k + !!l
                                               ^
conftest.c:82:52: warning: the address of 'g' will always evaluate as 'true' [-Waddress]
              return (!a + !b + !c + !d + !e + !f + !g + !h + !i + !!j + !k + !!l
                                                    ^
conftest.c:82:57: warning: the address of 'h' will always evaluate as 'true' [-Waddress]
              return (!a + !b + !c + !d + !e + !f + !g + !h + !i + !!j + !k + !!l
                                                         ^
conftest.c:82:62: warning: the address of 'i' will always evaluate as 'true' [-Waddress]
              return (!a + !b + !c + !d + !e + !f + !g + !h + !i + !!j + !k + !!l
                                                              ^
conftest.c:83:29: warning: the address of 'n' will always evaluate as 'true' [-Waddress]
                             ^
conftest.c:83:34: warning: the address of 'o' will always evaluate as 'true' [-Waddress]
                                  ^
conftest.c:83:39: warning: the address of 'p' will always evaluate as 'true' [-Waddress]
                                       ^
configure:4234: $? = 0
configure:4241: result: yes
configure:4243: checking for _Bool
configure:4243: gcc -c -g -O2 -Wall -W  conftest.c >&5
configure:4243: $? = 0
configure:4243: gcc -c -g -O2 -Wall -W  conftest.c >&5
conftest.c: In function 'main':
conftest.c:65:20: error: expected expression before ')' token
 if (sizeof ((_Bool)))
                    ^
configure:4243: $? = 1
configure: failed program was:
| /* confdefs.h */
| #define PACKAGE_NAME ""
| #define PACKAGE_TARNAME ""
| #define PACKAGE_VERSION ""
| #define PACKAGE_STRING ""
| #define PACKAGE_BUGREPORT ""
| #define PACKAGE_URL ""
| #define _GNU_SOURCE 1
| #define _NETBSD_SOURCE 1
| #define __BSD_VISIBLE 1
| #define _BSD_TYPES 1
| #define _DARWIN_C_SOURCE 1
| #define _XOPEN_SOURCE 600
| #define _XOPEN_SOURCE_EXTENDED 1
| #define _POSIX_C_SOURCE 200112L
| #define HAVE_DIRENT_H 1
| #define TIME_WITH_SYS_TIME 1
| #define STDC_HEADERS 1
| #define HAVE_SYS_TYPES_H 1
| #define HAVE_SYS_STAT_H 1
| #define HAVE_STDLIB_H 1
| #define HAVE_STRING_H 1
| #define HAVE_MEMORY_H 1
| #define HAVE_STRINGS_H 1
| #define HAVE_INTTYPES_H 1
| #define HAVE_STDINT_H 1
| #define HAVE_UNISTD_H 1
| /* end confdefs.h.  */
| #include <stdio.h>
| #ifdef HAVE_SYS_TYPES_H
| # include <sys/types.h>
| #endif
| #ifdef HAVE_SYS_STAT_H
| # include <sys/stat.h>
| #endif
| #ifdef STDC_HEADERS
| # include <stdlib.h>
| # include <stddef.h>
| #else
| # ifdef HAVE_STDLIB_H
| #  include <stdlib.h>
| # endif
| #endif
| #ifdef HAVE_STRING_H
| # if !defined STDC_HEADERS && defined HAVE_MEMORY_H
| #  include <memory.h>
| # endif
| # include <string.h>
| #endif
| #ifdef HAVE_STRINGS_H
| # include <strings.h>
| #endif
| #ifdef HAVE_INTTYPES_H
| # include <inttypes.h>
| #endif
| #ifdef HAVE_STDINT_H
| # include <stdint.h>
| #endif
| #ifdef HAVE_UNISTD_H
| # include <unistd.h>
| #endif
| int
| main ()
| {
| if (sizeof ((_Bool)))
| 	    return 0;
|   ;
|   return 0;
| }
configure:4243: result: yes
configure:4260: checking for sys/wait.h that is POSIX.1 compatible
configure:4286: gcc -c -g -O2 -Wall -W  conftest.c >&5
configure:4286: $? = 0
configure:4293: result: yes
configure:4302: checking for long long
configure:4302: gcc -c -g -O2 -Wall -W  conftest.c >&5
configure:4302: $? = 0
configure:4302: gcc -c -g -O2 -Wall -W  conftest.c >&5
conftest.c: In function 'main':
conftest.c:68:24: error: expected expression before ')' token
 if (sizeof ((long long)))
                        ^
configure:4302: $? = 1
configure: failed program was:
| /* confdefs.h */
| #define PACKAGE_NAME ""
| #define PACKAGE_TARNAME ""
| #define PACKAGE_VERSION ""
| #define PACKAGE_STRING ""
| #define PACKAGE_BUGREPORT ""
| #define PACKAGE_URL ""
| #define _GNU_SOURCE 1
| #define _NETBSD_SOURCE 1
| #define __BSD_VISIBLE 1
| #define _BSD_TYPES 1
| #define _DARWIN_C_SOURCE 1
| #define _XOPEN_SOURCE 600
| #define _XOPEN_SOURCE_EXTENDED 1
| #define _POSIX_C_SOURCE 200112L
| #define HAVE_DIRENT_H 1
| #define TIME_WITH_SYS_TIME 1
| #define STDC_HEADERS 1
| #define HAVE_SYS_TYPES_H 1
| #define HAVE_SYS_STAT_H 1
| #define HAVE_STDLIB_H 1
| #define HAVE_STRING_H 1
| #define HAVE_MEMORY_H 1
| #define HAVE_STRINGS_H 1
| #define HAVE_INTTYPES_H 1
| #define HAVE_STDINT_H 1
| #define HAVE_UNISTD_H 1
| #define HAVE__BOOL 1
| #define HAVE_STDBOOL_H 1
| #define HAVE_SYS_WAIT_H 1
| /* end confdefs.h.  */
| #include <stdio.h>
| #ifdef HAVE_SYS_TYPES_H
| # include <sys/types.h>
| #endif
| #ifdef HAVE_SYS_STAT_H
| # include <sys/stat.h>
| #endif
| #ifdef STDC_HEADERS
| # include <stdlib.h>
| # include <stddef.h>
| #else
| # ifdef HAVE_STDLIB_H
| #  include <stdlib.h>
| # endif
| #endif
| #ifdef HAVE_STRING_H
| # if !defined STDC_HEADERS && defined HAVE_MEMORY_H
| #  include <memory.h>
| # endif
| # include <string.h>
| #endif
| #ifdef HAVE_STRINGS_H
| # include <strings.h>
| #endif
| #ifdef HAVE_INTTYPES_H
| # include <inttypes.h>
| #endif
| #ifdef HAVE_STDINT_H
| # include <stdint.h>
| #endif
| #ifdef HAVE_UNISTD_H
| # include <unistd.h>
| #endif
| int
| main ()
| {
| if (sizeof ((long long)))
| 	    return 0;
|   ;
|   return 0;
| }
configure:4302: result: yes
configure:4316: checking ctype.h usability
configure:4316: gcc -c -g -O2 -Wall -W  conftest.c >&5
configure:4316: $? = 0
configure:4316: result: yes
configure:4316: checking ctype.h presence
configure:4316: gcc -E  conftest.c
configure:4316: $? = 0
configure:4316: result: yes
configure:4316: checking for ctype.h
configure:4316: result: yes
configure:4316: checking pwd.h usability
configure:4316: gcc -c -g -O2 -Wall -W  conftest.c >&5
configure:4316: $? = 0
configure:4316: result: yes
configure:4316: checking pwd.h presence
configure:4316: gcc -E  conftest.c
configure:4316: $? = 0
configure:4316: result: yes
configure:4316: checking for pwd.h
configure:4316: result: yes
configure:4316: checking for stdlib.h
configure:4316: result: yes
configure:4316: checking for string.h
configure:4316: result: yes
configure:4316: checking for strings.h
configure:4316: result: yes
configure:4316: checking sys/time.h usability
configure:4316: gcc -c -g -O2 -Wall -W  conftest.c >&5
configure:4316: $? = 0
configure:4316: result: yes
configure:4316: checking sys/time.h presence
configure:4316: gcc -E  conftest.c
configure:4316: $? = 0
configure:4316: result: yes
configure:4316: checking for sys/time.h
configure:4316: result: yes
configure:4316: checking sys/mman.h usability
configure:4316: gcc -c -g -O2 -Wall -W  conftest.c >&5
configure:4316: $? = 0
configure:4316: result: yes
configure:4316: checking sys/mman.h presence
configure:4316: gcc -E  conftest.c
configure:4316: $? = 0
configure:4316: result: yes
configure:4316: checking for sys/mman.h
configure:4316: result: yes
configure:4328: checking termios.h usability
configure:4328: gcc -c -g -O2 -Wall -W  conftest.c >&5
configure:4328: $? = 0
configure:4328: result: yes
configure:4328: checking termios.h presence
configure:4328: gcc -E  conftest.c
configure:4328: $? = 0
configure:4328: result: yes
configure:4328: checking for termios.h
configure:4328: result: yes
configure:4341: checking for gethostname
configure:4341: gcc -o conftest -g -O2 -Wall -W   conftest.c  >&5
configure:4341: $? = 0
configure:4341: result: yes
configure:4352: checking for getopt_long
configure:4352: gcc -o conftest -g -O2 -Wall -W   conftest.c  >&5
configure:4352: $? = 0
configure:4352: result: yes
configure:4363: checking for getpwuid
configure:4363: gcc -o conftest -g -O2 -Wall -W   conftest.c  >&5
configure:4363: $? = 0
configure:4363: result: yes
configure:4374: checking for gettimeofday
configure:4374: gcc -o conftest -g -O2 -Wall -W   conftest.c  >&5
configure:4374: $? = 0
configure:4374: result: yes
configure:4385: checking for mkstemp
configure:4385: gcc -o conftest -g -O2 -Wall -W   conftest.c  >&5
configure:4385: $? = 0
configure:4385: result: yes
configure:4396: checking for realpath
configure:4396: gcc -o conftest -g -O2 -Wall -W   conftest.c  >&5
configure:4396: $? = 0
configure:4396: result: yes
configure:4407: checking for strndup
configure:4407: gcc -o conftest -g -O2 -Wall -W   conftest.c  >&5
conftest.c:70:6: warning: conflicting types for built-in function 'strndup'
 char strndup ();
      ^
configure:4407: $? = 0
configure:4407: result: yes
configure:4418: checking for strtok_r
configure:4418: gcc -o conftest -g -O2 -Wall -W   conftest.c  >&5
configure:4418: $? = 0
configure:4418: result: yes
configure:4429: checking for unsetenv
configure:4429: gcc -o conftest -g -O2 -Wall -W   conftest.c  >&5
configure:4429: $? = 0
configure:4429: result: yes
configure:4440: checking for utimes
configure:4440: gcc -o conftest -g -O2 -Wall -W   conftest.c  >&5
configure:4440: $? = 0
configure:4440: result: yes
configure:4450: checking for compar_fn_t in stdlib.h
configure:4467: gcc -c -g -O2 -Wall -W  conftest.c >&5
conftest.c: In function 'test_fn':
conftest.c:55:1: warning: null argument where non-null required (argument 1) [-Wnonnull]
 void test_fn(void) { qsort(NULL, 0, 0, (__compar_fn_t)NULL); }
 ^
conftest.c:55:1: warning: null argument where non-null required (argument 4) [-Wnonnull]
configure:4467: $? = 0
configure:4474: result: yes
configure:4561: checking for stdarg.h
configure:4561: gcc -c -g -O2 -Wall -W  conftest.c >&5
configure:4561: $? = 0
configure:4561: result: yes
configure:4561: checking for varargs.h
configure:4561: gcc -c -g -O2 -Wall -W  conftest.c >&5
In file included from conftest.c:87:0:
/usr/local/lib/gcc/i686-pc-linux-gnu/4.9.2/include/varargs.h:4:2: error: #error "GCC no longer implements <varargs.h>."
 #error "GCC no longer implements <varargs.h>."
  ^
/usr/local/lib/gcc/i686-pc-linux-gnu/4.9.2/include/varargs.h:5:2: error: #error "Revise your code to use <stdarg.h>."
 #error "Revise your code to use <stdarg.h>."
  ^
configure:4561: $? = 1
configure: failed program was:
| /* confdefs.h */
| #define PACKAGE_NAME ""
| #define PACKAGE_TARNAME ""
| #define PACKAGE_VERSION ""
| #define PACKAGE_STRING ""
| #define PACKAGE_BUGREPORT ""
| #define PACKAGE_URL ""
| #define _GNU_SOURCE 1
| #define _NETBSD_SOURCE 1
| #define __BSD_VISIBLE 1
| #define _BSD_TYPES 1
| #define _DARWIN_C_SOURCE 1
| #define _XOPEN_SOURCE 600
| #define _XOPEN_SOURCE_EXTENDED 1
| #define _POSIX_C_SOURCE 200112L
| #define HAVE_DIRENT_H 1
| #define TIME_WITH_SYS_TIME 1
| #define STDC_HEADERS 1
| #define HAVE_SYS_TYPES_H 1
| #define HAVE_SYS_STAT_H 1
| #define HAVE_STDLIB_H 1
| #define HAVE_STRING_H 1
| #define HAVE_MEMORY_H 1
| #define HAVE_STRINGS_H 1
| #define HAVE_INTTYPES_H 1
| #define HAVE_STDINT_H 1
| #define HAVE_UNISTD_H 1
| #define HAVE__BOOL 1
| #define HAVE_STDBOOL_H 1
| #define HAVE_SYS_WAIT_H 1
| #define HAVE_LONG_LONG 1
| #define HAVE_CTYPE_H 1
| #define HAVE_PWD_H 1
| #define HAVE_STDLIB_H 1
| #define HAVE_STRING_H 1
| #define HAVE_STRINGS_H 1
| #define HAVE_SYS_TIME_H 1
| #define HAVE_SYS_MMAN_H 1
| #define HAVE_TERMIOS_H 1
| #define HAVE_GETHOSTNAME 1
| #define HAVE_GETOPT_LONG 1
| #define HAVE_GETPWUID 1
| #define HAVE_GETTIMEOFDAY 1
| #define HAVE_MKSTEMP 1
| #define HAVE_REALPATH 1
| #define HAVE_STRNDUP 1
| #define HAVE_STRTOK_R 1
| #define HAVE_UNSETENV 1
| #define HAVE_UTIMES 1
| #define HAVE_COMPAR_FN_T 1
| #define HAVE_STDARG_H 1
| /* end confdefs.h.  */
| #include <stdio.h>
| #ifdef HAVE_SYS_TYPES_H
| # include <sys/types.h>
| #endif
| #ifdef HAVE_SYS_STAT_H
| # include <sys/stat.h>
| #endif
| #ifdef STDC_HEADERS
| # include <stdlib.h>
| # include <stddef.h>
| #else
| # ifdef HAVE_STDLIB_H
| #  include <stdlib.h>
| # endif
| #endif
| #ifdef HAVE_STRING_H
| # if !defined STDC_HEADERS && defined HAVE_MEMORY_H
| #  include <memory.h>
| # endif
| # include <string.h>
| #endif
| #ifdef HAVE_STRINGS_H
| # include <strings.h>
| #endif
| #ifdef HAVE_INTTYPES_H
| # include <inttypes.h>
| #endif
| #ifdef HAVE_STDINT_H
| # include <stdint.h>
| #endif
| #ifdef HAVE_UNISTD_H
| # include <unistd.h>
| #endif
| 
| #include <varargs.h>
configure:4561: result: no
configure:4578: checking for unsigned long long int
configure:4617: gcc -o conftest -g -O2 -Wall -W   conftest.c  >&5
configure:4617: $? = 0
configure:4626: result: yes
configure:4635: checking for vsnprintf
configure:4635: gcc -o conftest -g -O2 -Wall -W   conftest.c  >&5
conftest.c:77:6: warning: conflicting types for built-in function 'vsnprintf'
 char vsnprintf ();
      ^
configure:4635: $? = 0
configure:4635: result: yes
configure:4643: checking whether vsnprintf is C99 compliant
configure:4678: gcc -o conftest -g -O2 -Wall -W   conftest.c  >&5
configure:4678: $? = 0
configure:4678: ./conftest
configure:4678: $? = 0
configure:4688: result: yes
configure:5054: checking for snprintf
configure:5054: gcc -o conftest -g -O2 -Wall -W   conftest.c  >&5
conftest.c:78:6: warning: conflicting types for built-in function 'snprintf'
 char snprintf ();
      ^
configure:5054: $? = 0
configure:5054: result: yes
configure:5062: checking whether snprintf is C99 compliant
configure:5085: gcc -o conftest -g -O2 -Wall -W   conftest.c  >&5
configure:5085: $? = 0
configure:5085: ./conftest
configure:5085: $? = 0
configure:5095: result: yes
configure:5210: checking for vasprintf
configure:5210: gcc -o conftest -g -O2 -Wall -W   conftest.c  >&5
configure:5210: $? = 0
configure:5210: result: yes
configure:5420: checking for asprintf
configure:5420: gcc -o conftest -g -O2 -Wall -W   conftest.c  >&5
configure:5420: $? = 0
configure:5420: result: yes
configure:5530: checking for library containing cos
configure:5561: gcc -o conftest -g -O2 -Wall -W   conftest.c  >&5
conftest.c:65:6: warning: conflicting types for built-in function 'cos'
 char cos ();
      ^
/tmp/ccqfj4NE.o: In function `main':
/home/cangyingzhijia/workspace/github/builder/ccache/src/conftest.c:69: undefined reference to `cos'
collect2: error: ld returned 1 exit status
configure:5561: $? = 1
configure: failed program was:
| /* confdefs.h */
| #define PACKAGE_NAME ""
| #define PACKAGE_TARNAME ""
| #define PACKAGE_VERSION ""
| #define PACKAGE_STRING ""
| #define PACKAGE_BUGREPORT ""
| #define PACKAGE_URL ""
| #define _GNU_SOURCE 1
| #define _NETBSD_SOURCE 1
| #define __BSD_VISIBLE 1
| #define _BSD_TYPES 1
| #define _DARWIN_C_SOURCE 1
| #define _XOPEN_SOURCE 600
| #define _XOPEN_SOURCE_EXTENDED 1
| #define _POSIX_C_SOURCE 200112L
| #define HAVE_DIRENT_H 1
| #define TIME_WITH_SYS_TIME 1
| #define STDC_HEADERS 1
| #define HAVE_SYS_TYPES_H 1
| #define HAVE_SYS_STAT_H 1
| #define HAVE_STDLIB_H 1
| #define HAVE_STRING_H 1
| #define HAVE_MEMORY_H 1
| #define HAVE_STRINGS_H 1
| #define HAVE_INTTYPES_H 1
| #define HAVE_STDINT_H 1
| #define HAVE_UNISTD_H 1
| #define HAVE__BOOL 1
| #define HAVE_STDBOOL_H 1
| #define HAVE_SYS_WAIT_H 1
| #define HAVE_LONG_LONG 1
| #define HAVE_CTYPE_H 1
| #define HAVE_PWD_H 1
| #define HAVE_STDLIB_H 1
| #define HAVE_STRING_H 1
| #define HAVE_STRINGS_H 1
| #define HAVE_SYS_TIME_H 1
| #define HAVE_SYS_MMAN_H 1
| #define HAVE_TERMIOS_H 1
| #define HAVE_GETHOSTNAME 1
| #define HAVE_GETOPT_LONG 1
| #define HAVE_GETPWUID 1
| #define HAVE_GETTIMEOFDAY 1
| #define HAVE_MKSTEMP 1
| #define HAVE_REALPATH 1
| #define HAVE_STRNDUP 1
| #define HAVE_STRTOK_R 1
| #define HAVE_UNSETENV 1
| #define HAVE_UTIMES 1
| #define HAVE_COMPAR_FN_T 1
| #define HAVE_STDARG_H 1
| #define HAVE_UNSIGNED_LONG_LONG_INT 1
| #define HAVE_VSNPRINTF 1
| #define HAVE_SNPRINTF 1
| #define HAVE_VASPRINTF 1
| #define HAVE_ASPRINTF 1
| /* end confdefs.h.  */
| 
| /* Override any GCC internal prototype to avoid an error.
|    Use char because int might match the return type of a GCC
|    builtin and then its argument prototype would still apply.  */
| #ifdef __cplusplus
| extern "C"
| #endif
| char cos ();
| int
| main ()
| {
| return cos ();
|   ;
|   return 0;
| }
configure:5561: gcc -o conftest -g -O2 -Wall -W   conftest.c -lm   >&5
conftest.c:65:6: warning: conflicting types for built-in function 'cos'
 char cos ();
      ^
configure:5561: $? = 0
configure:5578: result: -lm
configure:5595: checking for zlib >= 1.2.3
configure:5616: gcc -c -g -O2 -Wall -W  conftest.c >&5
configure:5616: $? = 0
configure:5623: result: yes
configure:5625: checking for gzdopen in -lz
configure:5650: gcc -o conftest -g -O2 -Wall -W   conftest.c -lz  -lm  >&5
configure:5650: $? = 0
configure:5659: result: yes
configure:5687: checking whether byte ordering is bigendian
configure:5702: gcc -c -g -O2 -Wall -W  conftest.c >&5
conftest.c:59:9: error: unknown type name 'not'
         not a universal capable compiler
         ^
conftest.c:59:15: error: expected '=', ',', ';', 'asm' or '__attribute__' before 'universal'
         not a universal capable compiler
               ^
conftest.c:59:15: error: unknown type name 'universal'
configure:5702: $? = 1
configure: failed program was:
| /* confdefs.h */
| #define PACKAGE_NAME ""
| #define PACKAGE_TARNAME ""
| #define PACKAGE_VERSION ""
| #define PACKAGE_STRING ""
| #define PACKAGE_BUGREPORT ""
| #define PACKAGE_URL ""
| #define _GNU_SOURCE 1
| #define _NETBSD_SOURCE 1
| #define __BSD_VISIBLE 1
| #define _BSD_TYPES 1
| #define _DARWIN_C_SOURCE 1
| #define _XOPEN_SOURCE 600
| #define _XOPEN_SOURCE_EXTENDED 1
| #define _POSIX_C_SOURCE 200112L
| #define HAVE_DIRENT_H 1
| #define TIME_WITH_SYS_TIME 1
| #define STDC_HEADERS 1
| #define HAVE_SYS_TYPES_H 1
| #define HAVE_SYS_STAT_H 1
| #define HAVE_STDLIB_H 1
| #define HAVE_STRING_H 1
| #define HAVE_MEMORY_H 1
| #define HAVE_STRINGS_H 1
| #define HAVE_INTTYPES_H 1
| #define HAVE_STDINT_H 1
| #define HAVE_UNISTD_H 1
| #define HAVE__BOOL 1
| #define HAVE_STDBOOL_H 1
| #define HAVE_SYS_WAIT_H 1
| #define HAVE_LONG_LONG 1
| #define HAVE_CTYPE_H 1
| #define HAVE_PWD_H 1
| #define HAVE_STDLIB_H 1
| #define HAVE_STRING_H 1
| #define HAVE_STRINGS_H 1
| #define HAVE_SYS_TIME_H 1
| #define HAVE_SYS_MMAN_H 1
| #define HAVE_TERMIOS_H 1
| #define HAVE_GETHOSTNAME 1
| #define HAVE_GETOPT_LONG 1
| #define HAVE_GETPWUID 1
| #define HAVE_GETTIMEOFDAY 1
| #define HAVE_MKSTEMP 1
| #define HAVE_REALPATH 1
| #define HAVE_STRNDUP 1
| #define HAVE_STRTOK_R 1
| #define HAVE_UNSETENV 1
| #define HAVE_UTIMES 1
| #define HAVE_COMPAR_FN_T 1
| #define HAVE_STDARG_H 1
| #define HAVE_UNSIGNED_LONG_LONG_INT 1
| #define HAVE_VSNPRINTF 1
| #define HAVE_SNPRINTF 1
| #define HAVE_VASPRINTF 1
| #define HAVE_ASPRINTF 1
| /* end confdefs.h.  */
| #ifndef __APPLE_CC__
| 	       not a universal capable compiler
| 	     #endif
| 	     typedef int dummy;
| 
configure:5747: gcc -c -g -O2 -Wall -W  conftest.c >&5
configure:5747: $? = 0
configure:5765: gcc -c -g -O2 -Wall -W  conftest.c >&5
conftest.c: In function 'main':
conftest.c:65:4: error: unknown type name 'not'
    not big endian
    ^
conftest.c:65:12: error: expected '=', ',', ';', 'asm' or '__attribute__' before 'endian'
    not big endian
            ^
configure:5765: $? = 1
configure: failed program was:
| /* confdefs.h */
| #define PACKAGE_NAME ""
| #define PACKAGE_TARNAME ""
| #define PACKAGE_VERSION ""
| #define PACKAGE_STRING ""
| #define PACKAGE_BUGREPORT ""
| #define PACKAGE_URL ""
| #define _GNU_SOURCE 1
| #define _NETBSD_SOURCE 1
| #define __BSD_VISIBLE 1
| #define _BSD_TYPES 1
| #define _DARWIN_C_SOURCE 1
| #define _XOPEN_SOURCE 600
| #define _XOPEN_SOURCE_EXTENDED 1
| #define _POSIX_C_SOURCE 200112L
| #define HAVE_DIRENT_H 1
| #define TIME_WITH_SYS_TIME 1
| #define STDC_HEADERS 1
| #define HAVE_SYS_TYPES_H 1
| #define HAVE_SYS_STAT_H 1
| #define HAVE_STDLIB_H 1
| #define HAVE_STRING_H 1
| #define HAVE_MEMORY_H 1
| #define HAVE_STRINGS_H 1
| #define HAVE_INTTYPES_H 1
| #define HAVE_STDINT_H 1
| #define HAVE_UNISTD_H 1
| #define HAVE__BOOL 1
| #define HAVE_STDBOOL_H 1
| #define HAVE_SYS_WAIT_H 1
| #define HAVE_LONG_LONG 1
| #define HAVE_CTYPE_H 1
| #define HAVE_PWD_H 1
| #define HAVE_STDLIB_H 1
| #define HAVE_STRING_H 1
| #define HAVE_STRINGS_H 1
| #define HAVE_SYS_TIME_H 1
| #define HAVE_SYS_MMAN_H 1
| #define HAVE_TERMIOS_H 1
| #define HAVE_GETHOSTNAME 1
| #define HAVE_GETOPT_LONG 1
| #define HAVE_GETPWUID 1
| #define HAVE_GETTIMEOFDAY 1
| #define HAVE_MKSTEMP 1
| #define HAVE_REALPATH 1
| #define HAVE_STRNDUP 1
| #define HAVE_STRTOK_R 1
| #define HAVE_UNSETENV 1
| #define HAVE_UTIMES 1
| #define HAVE_COMPAR_FN_T 1
| #define HAVE_STDARG_H 1
| #define HAVE_UNSIGNED_LONG_LONG_INT 1
| #define HAVE_VSNPRINTF 1
| #define HAVE_SNPRINTF 1
| #define HAVE_VASPRINTF 1
| #define HAVE_ASPRINTF 1
| /* end confdefs.h.  */
| #include <sys/types.h>
| 		#include <sys/param.h>
| 
| int
| main ()
| {
| #if BYTE_ORDER != BIG_ENDIAN
| 		 not big endian
| 		#endif
| 
|   ;
|   return 0;
| }
configure:5893: result: no
configure:5912: checking for inline
configure:5928: gcc -c -g -O2 -Wall -W  conftest.c >&5
configure:5928: $? = 0
configure:5936: result: inline
configure:5955: checking for extern inline
configure:5977: gcc -c -g -O2 -Wall -W  conftest.c >&5
configure:5977: $? = 0
configure:5982: result: yes
configure:5999: Developer mode disabled
configure:6128: creating ./config.status

## ---------------------- ##
## Running config.status. ##
## ---------------------- ##

This file was extended by config.status, which was
generated by GNU Autoconf 2.69.  Invocation command line was

  CONFIG_FILES    = 
  CONFIG_HEADERS  = 
  CONFIG_LINKS    = 
  CONFIG_COMMANDS = 
  $ ./config.status 

on cangyingzhijia

config.status:858: creating Makefile
config.status:858: creating config.h
configure:7305: now build ccache by running make

## ---------------- ##
## Cache variables. ##
## ---------------- ##

ac_cv_build=i686-pc-linux-gnu
ac_cv_c_bigendian=no
ac_cv_c_compiler_gnu=yes
ac_cv_c_extern_inline=yes
ac_cv_c_inline=inline
ac_cv_env_CC_set=
ac_cv_env_CC_value=
ac_cv_env_CFLAGS_set=
ac_cv_env_CFLAGS_value=
ac_cv_env_CPPFLAGS_set=
ac_cv_env_CPPFLAGS_value=
ac_cv_env_CPP_set=
ac_cv_env_CPP_value=
ac_cv_env_LDFLAGS_set=
ac_cv_env_LDFLAGS_value=
ac_cv_env_LIBS_set=
ac_cv_env_LIBS_value=
ac_cv_env_build_alias_set=
ac_cv_env_build_alias_value=
ac_cv_env_host_alias_set=
ac_cv_env_host_alias_value=
ac_cv_env_target_alias_set=
ac_cv_env_target_alias_value=
ac_cv_func_asprintf=yes
ac_cv_func_gethostname=yes
ac_cv_func_getopt_long=yes
ac_cv_func_getpwuid=yes
ac_cv_func_gettimeofday=yes
ac_cv_func_mkstemp=yes
ac_cv_func_realpath=yes
ac_cv_func_snprintf=yes
ac_cv_func_strndup=yes
ac_cv_func_strtok_r=yes
ac_cv_func_unsetenv=yes
ac_cv_func_utimes=yes
ac_cv_func_vasprintf=yes
ac_cv_func_vsnprintf=yes
ac_cv_header_ctype_h=yes
ac_cv_header_dirent_dirent_h=yes
ac_cv_header_inttypes_h=yes
ac_cv_header_memory_h=yes
ac_cv_header_pwd_h=yes
ac_cv_header_stdarg_h=yes
ac_cv_header_stdbool_h=yes
ac_cv_header_stdc=yes
ac_cv_header_stdint_h=yes
ac_cv_header_stdlib_h=yes
ac_cv_header_string_h=yes
ac_cv_header_strings_h=yes
ac_cv_header_sys_mman_h=yes
ac_cv_header_sys_stat_h=yes
ac_cv_header_sys_time_h=yes
ac_cv_header_sys_types_h=yes
ac_cv_header_sys_wait_h=yes
ac_cv_header_termios_h=yes
ac_cv_header_time=yes
ac_cv_header_unistd_h=yes
ac_cv_header_varargs_h=no
ac_cv_host=i686-pc-linux-gnu
ac_cv_lib_z_gzdopen=yes
ac_cv_objext=o
ac_cv_path_EGREP='/bin/grep -E'
ac_cv_path_GREP=/bin/grep
ac_cv_path_install='/usr/bin/install -c'
ac_cv_prog_CPP='gcc -E'
ac_cv_prog_ac_ct_AR=ar
ac_cv_prog_ac_ct_CC=gcc
ac_cv_prog_ac_ct_RANLIB=ranlib
ac_cv_prog_cc_c89=
ac_cv_prog_cc_g=yes
ac_cv_search_cos=-lm
ac_cv_search_opendir='none required'
ac_cv_type__Bool=yes
ac_cv_type_long_long=yes
ac_cv_type_unsigned_long_long_int=yes
ccache_cv_COMPAR_FN_T=yes
ccache_cv_zlib_1_2_3=yes
hw_cv_func_asprintf=yes
hw_cv_func_snprintf=yes
hw_cv_func_snprintf_c99=yes
hw_cv_func_vasprintf=yes
hw_cv_func_vsnprintf=yes
hw_cv_func_vsnprintf_c99=yes

## ----------------- ##
## Output variables. ##
## ----------------- ##

AR='ar'
CC='gcc'
CFLAGS='-g -O2 -Wall -W'
CPP='gcc -E'
CPPFLAGS=''
DEFS='-DHAVE_CONFIG_H'
ECHO_C=''
ECHO_N='-n'
ECHO_T=''
EGREP='/bin/grep -E'
EXEEXT=''
GREP='/bin/grep'
INSTALL_DATA='${INSTALL} -m 644'
INSTALL_PROGRAM='${INSTALL}'
INSTALL_SCRIPT='${INSTALL}'
LDFLAGS=''
LIBOBJS=''
LIBS='-lm '
LTLIBOBJS=''
OBJEXT='o'
PACKAGE_BUGREPORT=''
PACKAGE_NAME=''
PACKAGE_STRING=''
PACKAGE_TARNAME=''
PACKAGE_URL=''
PACKAGE_VERSION=''
PATH_SEPARATOR=':'
RANLIB='ranlib'
SHELL='/bin/bash'
ac_ct_CC='gcc'
bindir='${exec_prefix}/bin'
build='i686-pc-linux-gnu'
build_alias=''
build_cpu='i686'
build_os='linux-gnu'
build_vendor='pc'
datadir='${datarootdir}'
datarootdir='${prefix}/share'
docdir='${datarootdir}/doc/${PACKAGE}'
dvidir='${docdir}'
exec_prefix='${prefix}'
extra_cppflags=''
extra_ldflags='-lz'
extra_libs=''
host='i686-pc-linux-gnu'
host_alias=''
host_cpu='i686'
host_os='linux-gnu'
host_vendor='pc'
htmldir='${docdir}'
include_dev_mk=''
includedir='${prefix}/include'
infodir='${datarootdir}/info'
libdir='${exec_prefix}/lib'
libexecdir='${exec_prefix}/libexec'
localedir='${datarootdir}/locale'
localstatedir='${prefix}/var'
mandir='${datarootdir}/man'
oldincludedir='/usr/include'
pdfdir='${docdir}'
prefix='/home/cangyingzhijia/workspace/github/builder/blade/../ccache'
program_transform_name='s,x,x,'
psdir='${docdir}'
sbindir='${exec_prefix}/sbin'
sharedstatedir='${prefix}/com'
sysconfdir='${prefix}/etc'
target_alias=''
test_suites='./test/test_args.c ./test/test_argument_processing.c ./test/test_compopt.c ./test/test_conf.c ./test/test_counters.c ./test/test_hash.c ./test/test_hashutil.c ./test/test_lockfile.c ./test/test_stats.c ./test/test_util.c'

## ----------- ##
## confdefs.h. ##
## ----------- ##

/* confdefs.h */
#define PACKAGE_NAME ""
#define PACKAGE_TARNAME ""
#define PACKAGE_VERSION ""
#define PACKAGE_STRING ""
#define PACKAGE_BUGREPORT ""
#define PACKAGE_URL ""
#define _GNU_SOURCE 1
#define _NETBSD_SOURCE 1
#define __BSD_VISIBLE 1
#define _BSD_TYPES 1
#define _DARWIN_C_SOURCE 1
#define _XOPEN_SOURCE 600
#define _XOPEN_SOURCE_EXTENDED 1
#define _POSIX_C_SOURCE 200112L
#define HAVE_DIRENT_H 1
#define TIME_WITH_SYS_TIME 1
#define STDC_HEADERS 1
#define HAVE_SYS_TYPES_H 1
#define HAVE_SYS_STAT_H 1
#define HAVE_STDLIB_H 1
#define HAVE_STRING_H 1
#define HAVE_MEMORY_H 1
#define HAVE_STRINGS_H 1
#define HAVE_INTTYPES_H 1
#define HAVE_STDINT_H 1
#define HAVE_UNISTD_H 1
#define HAVE__BOOL 1
#define HAVE_STDBOOL_H 1
#define HAVE_SYS_WAIT_H 1
#define HAVE_LONG_LONG 1
#define HAVE_CTYPE_H 1
#define HAVE_PWD_H 1
#define HAVE_STDLIB_H 1
#define HAVE_STRING_H 1
#define HAVE_STRINGS_H 1
#define HAVE_SYS_TIME_H 1
#define HAVE_SYS_MMAN_H 1
#define HAVE_TERMIOS_H 1
#define HAVE_GETHOSTNAME 1
#define HAVE_GETOPT_LONG 1
#define HAVE_GETPWUID 1
#define HAVE_GETTIMEOFDAY 1
#define HAVE_MKSTEMP 1
#define HAVE_REALPATH 1
#define HAVE_STRNDUP 1
#define HAVE_STRTOK_R 1
#define HAVE_UNSETENV 1
#define HAVE_UTIMES 1
#define HAVE_COMPAR_FN_T 1
#define HAVE_STDARG_H 1
#define HAVE_UNSIGNED_LONG_LONG_INT 1
#define HAVE_VSNPRINTF 1
#define HAVE_SNPRINTF 1
#define HAVE_VASPRINTF 1
#define HAVE_ASPRINTF 1
#define HAVE_EXTERN_INLINE 1

configure: exit 0
